c:\users\sugar\source\repos\interpreter\interpreter\debug\vc142.pdb
c:\users\sugar\source\repos\interpreter\interpreter\debug\vc142.idb
c:\users\sugar\source\repos\interpreter\interpreter\debug\node.obj
c:\users\sugar\source\repos\interpreter\interpreter\debug\misk.obj
c:\users\sugar\source\repos\interpreter\interpreter\debug\main.obj
c:\users\sugar\source\repos\interpreter\interpreter\debug\lib.obj
c:\users\sugar\source\repos\interpreter\interpreter\debug\lexer.obj
c:\users\sugar\source\repos\interpreter\interpreter\debug\ipcexceptions.obj
c:\users\sugar\source\repos\interpreter\interpreter\debug\interprocesscommunicator.obj
c:\users\sugar\source\repos\interpreter\interpreter\debug\exception.obj
c:\users\sugar\source\repos\interpreter\interpreter\debug\comparisons.obj
c:\users\sugar\source\repos\interpreter\interpreter\debug\combinations.obj
c:\users\sugar\source\repos\interpreter\interpreter\debug\code.obj
c:\users\sugar\source\repos\interpreter\interpreter\debug\webexception.obj
c:\users\sugar\source\repos\interpreter\interpreter\debug\token.obj
c:\users\sugar\source\repos\interpreter\interpreter\debug\toboolconverter.obj
c:\users\sugar\source\repos\interpreter\interpreter\debug\processdictionary.obj
c:\users\sugar\source\repos\interpreter\interpreter\debug\while.obj
c:\users\sugar\source\repos\interpreter\interpreter\debug\vardictionary.obj
c:\users\sugar\source\repos\interpreter\interpreter\debug\varconverter.obj
c:\users\sugar\source\repos\interpreter\interpreter\debug\unop.obj
c:\users\sugar\source\repos\interpreter\interpreter\debug\treeoptimizer.obj
c:\users\sugar\source\repos\interpreter\interpreter\debug\performer.obj
c:\users\sugar\source\repos\interpreter\interpreter\debug\patterngenerators.obj
c:\users\sugar\source\repos\interpreter\interpreter\debug\optimizergenerators.obj
c:\users\sugar\source\repos\interpreter\interpreter\debug\if.obj
c:\users\sugar\source\repos\interpreter\interpreter\debug\browseroperations.obj
c:\users\sugar\source\repos\interpreter\interpreter\debug\binop.obj
c:\users\sugar\source\repos\interpreter\interpreter\debug\ast.obj
c:\users\sugar\source\repos\interpreter\interpreter\debug\assign.obj
c:\users\sugar\source\repos\interpreter\interpreter\debug\arithmetics.obj
c:\users\sugar\source\repos\interpreter\interpreter\debug\interpreter.obj
c:\users\sugar\source\repos\interpreter\debug\browser_manager.exe
c:\users\sugar\source\repos\interpreter\debug\browser_manager.pdb
c:\users\sugar\source\repos\interpreter\debug\browser_manager.exe.config
c:\users\sugar\source\repos\interpreter\debug\interpreter.exe
c:\users\sugar\source\repos\interpreter\debug\interpreter.ilk
c:\users\sugar\source\repos\interpreter\debug\interpreter.pdb
c:\users\sugar\source\repos\interpreter\interpreter\debug\interpreter.vcxprojassemblyreference.cache
c:\users\sugar\source\repos\interpreter\interpreter\debug\interpreter.tlog\cl.command.1.tlog
c:\users\sugar\source\repos\interpreter\interpreter\debug\interpreter.tlog\cl.read.1.tlog
c:\users\sugar\source\repos\interpreter\interpreter\debug\interpreter.tlog\cl.write.1.tlog
c:\users\sugar\source\repos\interpreter\interpreter\debug\interpreter.tlog\interpreter.write.1u.tlog
c:\users\sugar\source\repos\interpreter\interpreter\debug\interpreter.tlog\link.command.1.tlog
c:\users\sugar\source\repos\interpreter\interpreter\debug\interpreter.tlog\link.read.1.tlog
c:\users\sugar\source\repos\interpreter\interpreter\debug\interpreter.tlog\link.write.1.tlog
